Arguments: 
  C:\Program Files\nodejs\node.exe C:\Users\Administrator\AppData\Roaming\npm\node_modules\yarn\bin\yarn.js

PATH: 
  C:\ProgramData\Oracle\Java\javapath;D:\Python27\;D:\Python27\Scripts;C:\Windows\system32;C:\Windows;C:\Windows\System32\Wbem;C:\Windows\System32\WindowsPowerShell\v1.0\;C:\Windows\System32\OpenSSH\;C:\Program Files\nodejs\;d:\Git\cmd;C:\Android\tools;C:\Android\platform-tools;C:\Java\jdk1.8.0_161\bin;C:\Java\jdk1.8.0_161\jre\bin;C:\Android\tools;C:\Android\platform-tools;C:\Users\Administrator\AppData\Local\Microsoft\WindowsApps;E:\Microsoft VS Code\bin;C:\Users\Administrator\AppData\Roaming\npm

Yarn version: 
  1.16.0

Node version: 
  10.15.3

Platform: 
  win32 x64

Trace: 
  Error: ENOENT: no such file or directory, copyfile 'C:\Users\Administrator\AppData\Local\Yarn\Cache\v4\npm-ansi-styles-3.2.1-41fbb20243e50b12be0f04b8dedbf07520ce841d\node_modules\ansi-styles\index.js' -> 'E:\qianduan27\12-vue总资料\导师发的代码\demo终极版\node_modules\webpack-cli\node_modules\ansi-styles\index.js'

npm manifest: 
  {
    "name": "vue-wuhan",
    "version": "1.0.0",
    "description": "",
    "main": "index.js",
    "scripts": {
      "test": "echo \"Error: no test specified\" && exit 1",
      "dev": "webpack-dev-server --open --port 8000 --contentBase src --hot",
      "dev1": "webpack"
    },
    "keywords": [],
    "author": "",
    "license": "ISC",
    "devDependencies": {
      "babel-core": "^6.26.3",
      "babel-loader": "^7.1.5",
      "babel-plugin-component": "^1.1.1",
      "babel-plugin-transform-remove-strict-mode": "^0.0.2",
      "babel-plugin-transform-runtime": "^6.23.0",
      "babel-preset-env": "^1.7.0",
      "babel-preset-stage-0": "^6.24.1",
      "css-loader": "^2.1.1",
      "file-loader": "^3.0.1",
      "html-webpack-plugin": "^3.2.0",
      "less": "^3.9.0",
      "less-loader": "^4.1.0",
      "node-sass": "^4.12.0",
      "sass-loader": "^7.1.0",
      "style-loader": "^0.23.1",
      "url-loader": "^1.1.2",
      "vue-loader": "^15.7.0",
      "vue-template-compiler": "^2.6.10",
      "webpack": "^4.32.2",
      "webpack-cli": "^3.3.2",
      "webpack-dev-server": "^3.3.1"
    },
    "dependencies": {
      "axios": "^0.18.0",
      "mint-ui": "^2.2.13",
      "moment": "^2.24.0",
      "vue": "^2.6.10",
      "vue-preview": "^1.1.3",
      "vue-router": "^3.0.6",
      "vuex": "^3.1.1"
    }
  }

yarn manifest: 
  No manifest

Lockfile: 
  No lockfile
